<!DOCTYPE html>
<html>
<head>
    <title>Unittest Results</title>
    <meta charset="utf-8">
    <meta name="viewport" content="width=device-width, initial-scale=1.0">
    <link rel="stylesheet" href="https://maxcdn.bootstrapcdn.com/bootstrap/3.3.6/css/bootstrap.min.css" integrity="sha384-1q8mTJOASx8j1Au+a5WDVnPi2lkFfwwEAa8hDDdjZlpLegxhjVME1fgjWPGmkzs7" crossorigin="anonymous">
</head>
<body>
    <div class="container">
        <div class="row">
            <div class="col-xs-12">
                <h2 class="text-capitalize">Unittest Results</h2>
                <p class='attribute'><strong>Start Time: </strong>2025-11-11 16:09:43</p>
                <p class='attribute'><strong>Duration: </strong>335 ms</p>
                <p class='attribute'><strong>Summary: </strong>Total: 1, Pass: 0, Error: 1</p>
            </div>
        </div>
        <div class="row">
            <div class="col-xs-12 col-sm-10 col-md-10">
                <table class='table table-hover table-responsive'>
                    <thead>
                        <tr>
                            <th>__main__.LoginTest</th>
                            <th>Status</th>
                            <th></th>
                        </tr>
                    </thead>
                    <tbody>
                        <tr class='warning'>
                            <td class="col-xs-10">test_login</td>
                            <td class="col-xs-1">
                                <span class="label label-warning" style="display:block;width:40px;">Error</span>
                            </td>
                            <td class="col-xs-1">
                                <button class="btn btn-default btn-xs">View</button>
                            </td>
                        </tr>
                        <tr style="display:none;">
                            <td class="col-xs-9" colspan="3"><p style="color:maroon;">NoSuchElementException: Message: no such element: Unable to locate element: {"method":"css selector","selector":"[id="password"]"}
  (Session info: chrome=142.0.7444.61); For documentation on this error, please visit: https://www.selenium.dev/documentation/webdriver/troubleshooting/errors#nosuchelementexception
Stacktrace:
Symbols not available. Dumping unresolved backtrace:
	0x7ff73cc87a05
	0x7ff73cc87a60
	0x7ff73ca016ad
	0x7ff73ca5a13e
	0x7ff73ca5a44c
	0x7ff73caaebe7
	0x7ff73caab8fb
	0x7ff73ca4b068
	0x7ff73ca4be93
	0x7ff73cf429a0
	0x7ff73cf3ce20
	0x7ff73cf5cc15
	0x7ff73cca309e
	0x7ff73ccaad8f
	0x7ff73cc90be4
	0x7ff73cc90d9f
	0x7ff73cc767f8
	0x7ffc0221e8d7
	0x7ffc0316c53c
</p><p style="color:maroon;">Traceback (most recent call last):
  File "C:\Users\Fleek\PycharmProjects\PythonProjectwithpomandunittest\testcase\logintest.py", line 24, in test_login
    lp.setpassword(self.password)
  File "C:\/Users/Fleek/PycharmProjects/PythonProjectwithpomandunittest\pageobjects\loginpage.py", line 15, in setpassword
    self.driver.find_element(By.ID,self. password_id )
  File "C:\Users\Fleek\PycharmProjects\PythonProjectwithpomandunittest\.venv\Lib\site-packages\selenium\webdriver\remote\webdriver.py", line 926, in find_element
    return self.execute(Command.FIND_ELEMENT, {"using": by, "value": value})["value"]
           ^^^^^^^^^^^^^^^^^^^^^^^^^^^^^^^^^^^^^^^^^^^^^^^^^^^^^^^^^^^^^^^^^
  File "C:\Users\Fleek\PycharmProjects\PythonProjectwithpomandunittest\.venv\Lib\site-packages\selenium\webdriver\remote\webdriver.py", line 458, in execute
    self.error_handler.check_response(response)
  File "C:\Users\Fleek\PycharmProjects\PythonProjectwithpomandunittest\.venv\Lib\site-packages\selenium\webdriver\remote\errorhandler.py", line 233, in check_response
    raise exception_class(message, screen, stacktrace)
selenium.common.exceptions.NoSuchElementException: Message: no such element: Unable to locate element: {"method":"css selector","selector":"[id="password"]"}
  (Session info: chrome=142.0.7444.61); For documentation on this error, please visit: https://www.selenium.dev/documentation/webdriver/troubleshooting/errors#nosuchelementexception
Stacktrace:
Symbols not available. Dumping unresolved backtrace:
	0x7ff73cc87a05
	0x7ff73cc87a60
	0x7ff73ca016ad
	0x7ff73ca5a13e
	0x7ff73ca5a44c
	0x7ff73caaebe7
	0x7ff73caab8fb
	0x7ff73ca4b068
	0x7ff73ca4be93
	0x7ff73cf429a0
	0x7ff73cf3ce20
	0x7ff73cf5cc15
	0x7ff73cca309e
	0x7ff73ccaad8f
	0x7ff73cc90be4
	0x7ff73cc90d9f
	0x7ff73cc767f8
	0x7ffc0221e8d7
	0x7ffc0316c53c

</p>
                            </td>
                        </tr>
                        <tr>
                            <td colspan="3">
                                Total: 1, Pass: 0, Error: 1 -- Duration: 335 ms
                            </td>
                        </tr>
                    </tbody>
                </table>
            </div>
        </div>
    </div>
    <script src="https://ajax.googleapis.com/ajax/libs/jquery/2.2.4/jquery.min.js"></script>
    <script type="text/javascript">
        $(document).ready(function(){
            $('td').on('click', '.btn', function(e){
                e.preventDefault();
                e.stopImmediatePropagation();
                var $this = $(this);
                var $nextRow = $this.closest('tr').next('tr');
                $nextRow.slideToggle("fast");
                $this.text(function(i, text){
                    if (text === 'View') {
                        return 'Hide';
                    } else {
                        return 'View';
                    };
                });
            });
        });
    </script>
</body>
</html